Created by PLY version 3.11 (http://www.dabeaz.com/ply)

Grammar

Rule 0     S' -> oracion
Rule 1     oracion -> SALUDO COMA SUJETO PALABRA complemento PUNTO DESPEDIDA
Rule 2     complemento -> PALABRA complemento
Rule 3     complemento -> PALABRA

Terminals, with rules where they appear

COMA                 : 1
DESPEDIDA            : 1
PALABRA              : 1 2 3
PUNTO                : 1
SALUDO               : 1
SUJETO               : 1
error                : 

Nonterminals, with rules where they appear

complemento          : 1 2
oracion              : 0

Parsing method: LALR

state 0

    (0) S' -> . oracion
    (1) oracion -> . SALUDO COMA SUJETO PALABRA complemento PUNTO DESPEDIDA

    SALUDO          shift and go to state 2

    oracion                        shift and go to state 1

state 1

    (0) S' -> oracion .



state 2

    (1) oracion -> SALUDO . COMA SUJETO PALABRA complemento PUNTO DESPEDIDA

    COMA            shift and go to state 3


state 3

    (1) oracion -> SALUDO COMA . SUJETO PALABRA complemento PUNTO DESPEDIDA

    SUJETO          shift and go to state 4


state 4

    (1) oracion -> SALUDO COMA SUJETO . PALABRA complemento PUNTO DESPEDIDA

    PALABRA         shift and go to state 5


state 5

    (1) oracion -> SALUDO COMA SUJETO PALABRA . complemento PUNTO DESPEDIDA
    (2) complemento -> . PALABRA complemento
    (3) complemento -> . PALABRA

    PALABRA         shift and go to state 6

    complemento                    shift and go to state 7

state 6

    (2) complemento -> PALABRA . complemento
    (3) complemento -> PALABRA .
    (2) complemento -> . PALABRA complemento
    (3) complemento -> . PALABRA

    PUNTO           reduce using rule 3 (complemento -> PALABRA .)
    PALABRA         shift and go to state 6

    complemento                    shift and go to state 8

state 7

    (1) oracion -> SALUDO COMA SUJETO PALABRA complemento . PUNTO DESPEDIDA

    PUNTO           shift and go to state 9


state 8

    (2) complemento -> PALABRA complemento .

    PUNTO           reduce using rule 2 (complemento -> PALABRA complemento .)


state 9

    (1) oracion -> SALUDO COMA SUJETO PALABRA complemento PUNTO . DESPEDIDA

    DESPEDIDA       shift and go to state 10


state 10

    (1) oracion -> SALUDO COMA SUJETO PALABRA complemento PUNTO DESPEDIDA .

    $end            reduce using rule 1 (oracion -> SALUDO COMA SUJETO PALABRA complemento PUNTO DESPEDIDA .)

